# JRE version: Java(TM) SE Runtime Environment (8.0_111-b14) (build 1.8.0_111-b14)
# Java VM: Java HotSpot(TM) 64-Bit Server VM (25.111-b14 mixed mode windows-amd64 compressed oops)
Heap:
 PSYoungGen      total 271872K, used 141386K [0x00000000d6b80000, 0x00000000f3200000, 0x0000000100000000)
  eden space 247808K, 47% used [0x00000000d6b80000,0x00000000dde12b30,0x00000000e5d80000)
  from space 24064K, 100% used [0x00000000e5d80000,0x00000000e7500000,0x00000000e7500000)
  to   space 34304K, 0% used [0x00000000f1080000,0x00000000f1080000,0x00000000f3200000)
 ParOldGen       total 84992K, used 48534K [0x0000000084200000, 0x0000000089500000, 0x00000000d6b80000)
  object space 84992K, 57% used [0x0000000084200000,0x0000000087165a48,0x0000000089500000)
 Metaspace       used 19162K, capacity 19422K, committed 19840K, reserved 1067008K
  class space    used 2282K, capacity 2338K, committed 2432K, reserved 1048576K
GC Heap History (10 events):
Event: 6.220 GC heap before
{Heap before GC invocations=5 (full 0):
 PSYoungGen      total 68608K, used 68602K [0x00000000d6b80000, 0x00000000db380000, 0x0000000100000000)
  eden space 63488K, 100% used [0x00000000d6b80000,0x00000000da980000,0x00000000da980000)
  from space 5120K, 99% used [0x00000000dae80000,0x00000000db37e850,0x00000000db380000)
  to   space 5120K, 0% used [0x00000000da980000,0x00000000da980000,0x00000000dae80000)
 ParOldGen       total 84992K, used 11084K [0x0000000084200000, 0x0000000089500000, 0x00000000d6b80000)
  object space 84992K, 13% used [0x0000000084200000,0x0000000084cd3058,0x0000000089500000)
 Metaspace       used 18647K, capacity 18904K, committed 19328K, reserved 1067008K
  class space    used 2253K, capacity 2337K, committed 2432K, reserved 1048576K
Event: 6.250 GC heap after
Heap after GC invocations=5 (full 0):
 PSYoungGen      total 68608K, used 5112K [0x00000000d6b80000, 0x00000000dfe80000, 0x0000000100000000)
  eden space 63488K, 0% used [0x00000000d6b80000,0x00000000d6b80000,0x00000000da980000)
  from space 5120K, 99% used [0x00000000da980000,0x00000000dae7e030,0x00000000dae80000)
  to   space 11776K, 0% used [0x00000000df300000,0x00000000df300000,0x00000000dfe80000)
 ParOldGen       total 84992K, used 17279K [0x0000000084200000, 0x0000000089500000, 0x00000000d6b80000)
  object space 84992K, 20% used [0x0000000084200000,0x00000000852dfcd0,0x0000000089500000)
 Metaspace       used 18647K, capacity 18904K, committed 19328K, reserved 1067008K
  class space    used 2253K, capacity 2337K, committed 2432K, reserved 1048576K
}
Event: 6.476 GC heap before
{Heap before GC invocations=6 (full 0):
 PSYoungGen      total 68608K, used 68600K [0x00000000d6b80000, 0x00000000dfe80000, 0x0000000100000000)
  eden space 63488K, 100% used [0x00000000d6b80000,0x00000000da980000,0x00000000da980000)
  from space 5120K, 99% used [0x00000000da980000,0x00000000dae7e030,0x00000000dae80000)
  to   space 11776K, 0% used [0x00000000df300000,0x00000000df300000,0x00000000dfe80000)
 ParOldGen       total 84992K, used 17279K [0x0000000084200000, 0x0000000089500000, 0x00000000d6b80000)
  object space 84992K, 20% used [0x0000000084200000,0x00000000852dfcd0,0x0000000089500000)
 Metaspace       used 18647K, capacity 18904K, committed 19328K, reserved 1067008K
  class space    used 2253K, capacity 2337K, committed 2432K, reserved 1048576K
Event: 6.534 GC heap after
Heap after GC invocations=6 (full 0):
 PSYoungGen      total 137728K, used 11128K [0x00000000d6b80000, 0x00000000e0080000, 0x0000000100000000)
  eden space 125952K, 0% used [0x00000000d6b80000,0x00000000d6b80000,0x00000000de680000)
  from space 11776K, 94% used [0x00000000df300000,0x00000000dfdde040,0x00000000dfe80000)
  to   space 12800K, 0% used [0x00000000de680000,0x00000000de680000,0x00000000df300000)
 ParOldGen       total 84992K, used 17279K [0x0000000084200000, 0x0000000089500000, 0x00000000d6b80000)
  object space 84992K, 20% used [0x0000000084200000,0x00000000852dfcd0,0x0000000089500000)
 Metaspace       used 18647K, capacity 18904K, committed 19328K, reserved 1067008K
  class space    used 2253K, capacity 2337K, committed 2432K, reserved 1048576K
}
Event: 6.938 GC heap before
{Heap before GC invocations=7 (full 0):
 PSYoungGen      total 137728K, used 137080K [0x00000000d6b80000, 0x00000000e0080000, 0x0000000100000000)
  eden space 125952K, 100% used [0x00000000d6b80000,0x00000000de680000,0x00000000de680000)
  from space 11776K, 94% used [0x00000000df300000,0x00000000dfdde040,0x00000000dfe80000)
  to   space 12800K, 0% used [0x00000000de680000,0x00000000de680000,0x00000000df300000)
 ParOldGen       total 84992K, used 17279K [0x0000000084200000, 0x0000000089500000, 0x00000000d6b80000)
  object space 84992K, 20% used [0x0000000084200000,0x00000000852dfcd0,0x0000000089500000)
 Metaspace       used 18651K, capacity 18904K, committed 19328K, reserved 1067008K
  class space    used 2253K, capacity 2337K, committed 2432K, reserved 1048576K
Event: 6.978 GC heap after
Heap after GC invocations=7 (full 0):
 PSYoungGen      total 138752K, used 12800K [0x00000000d6b80000, 0x00000000e8880000, 0x0000000100000000)
  eden space 125952K, 0% used [0x00000000d6b80000,0x00000000d6b80000,0x00000000de680000)
  from space 12800K, 100% used [0x00000000de680000,0x00000000df300000,0x00000000df300000)
  to   space 19968K, 0% used [0x00000000e7500000,0x00000000e7500000,0x00000000e8880000)
 ParOldGen       total 84992K, used 28604K [0x0000000084200000, 0x0000000089500000, 0x00000000d6b80000)
  object space 84992K, 33% used [0x0000000084200000,0x0000000085def0a0,0x0000000089500000)
 Metaspace       used 18651K, capacity 18904K, committed 19328K, reserved 1067008K
  class space    used 2253K, capacity 2337K, committed 2432K, reserved 1048576K
}
Event: 7.171 GC heap before
{Heap before GC invocations=8 (full 0):
 PSYoungGen      total 138752K, used 138752K [0x00000000d6b80000, 0x00000000e8880000, 0x0000000100000000)
  eden space 125952K, 100% used [0x00000000d6b80000,0x00000000de680000,0x00000000de680000)
  from space 12800K, 100% used [0x00000000de680000,0x00000000df300000,0x00000000df300000)
  to   space 19968K, 0% used [0x00000000e7500000,0x00000000e7500000,0x00000000e8880000)
 ParOldGen       total 84992K, used 28604K [0x0000000084200000, 0x0000000089500000, 0x00000000d6b80000)
  object space 84992K, 33% used [0x0000000084200000,0x0000000085def0a0,0x0000000089500000)
 Metaspace       used 18668K, capacity 18968K, committed 19328K, reserved 1067008K
  class space    used 2253K, capacity 2337K, committed 2432K, reserved 1048576K
Event: 7.200 GC heap after
Heap after GC invocations=8 (full 0):
 PSYoungGen      total 267776K, used 19936K [0x00000000d6b80000, 0x00000000e9080000, 0x0000000100000000)
  eden space 247808K, 0% used [0x00000000d6b80000,0x00000000d6b80000,0x00000000e5d80000)
  from space 19968K, 99% used [0x00000000e7500000,0x00000000e8878010,0x00000000e8880000)
  to   space 24064K, 0% used [0x00000000e5d80000,0x00000000e5d80000,0x00000000e7500000)
 ParOldGen       total 84992K, used 32154K [0x0000000084200000, 0x0000000089500000, 0x00000000d6b80000)
  object space 84992K, 37% used [0x0000000084200000,0x0000000086166a28,0x0000000089500000)
 Metaspace       used 18668K, capacity 18968K, committed 19328K, reserved 1067008K
  class space    used 2253K, capacity 2337K, committed 2432K, reserved 1048576K
}
Event: 7.687 GC heap before
{Heap before GC invocations=9 (full 0):
 PSYoungGen      total 267776K, used 267744K [0x00000000d6b80000, 0x00000000e9080000, 0x0000000100000000)
  eden space 247808K, 100% used [0x00000000d6b80000,0x00000000e5d80000,0x00000000e5d80000)
  from space 19968K, 99% used [0x00000000e7500000,0x00000000e8878010,0x00000000e8880000)
  to   space 24064K, 0% used [0x00000000e5d80000,0x00000000e5d80000,0x00000000e7500000)
 ParOldGen       total 84992K, used 32154K [0x0000000084200000, 0x0000000089500000, 0x00000000d6b80000)
  object space 84992K, 37% used [0x0000000084200000,0x0000000086166a28,0x0000000089500000)
 Metaspace       used 18681K, capacity 18968K, committed 19328K, reserved 1067008K
  class space    used 2253K, capacity 2337K, committed 2432K, reserved 1048576K
Event: 7.736 GC heap after
Heap after GC invocations=9 (full 0):
 PSYoungGen      total 271872K, used 24064K [0x00000000d6b80000, 0x00000000f3200000, 0x0000000100000000)
  eden space 247808K, 0% used [0x00000000d6b80000,0x00000000d6b80000,0x00000000e5d80000)
  from space 24064K, 100% used [0x00000000e5d80000,0x00000000e7500000,0x00000000e7500000)
  to   space 34304K, 0% used [0x00000000f1080000,0x00000000f1080000,0x00000000f3200000)
 ParOldGen       total 84992K, used 48534K [0x0000000084200000, 0x0000000089500000, 0x00000000d6b80000)
  object space 84992K, 57% used [0x0000000084200000,0x0000000087165a48,0x0000000089500000)
 Metaspace       used 18681K, capacity 18968K, committed 19328K, reserved 1067008K
  class space    used 2253K, capacity 2337K, committed 2432K, reserved 1048576K
}

