# JRE version: Java(TM) SE Runtime Environment (8.0_111-b14) (build 1.8.0_111-b14)
# Java VM: Java HotSpot(TM) 64-Bit Server VM (25.111-b14 mixed mode windows-amd64 compressed oops)
Heap:
 PSYoungGen      total 68608K, used 29469K [0x00000000d6b80000, 0x00000000db380000, 0x0000000100000000)
  eden space 63488K, 46% used [0x00000000d6b80000,0x00000000d88475a0,0x00000000da980000)
  from space 5120K, 0% used [0x00000000da980000,0x00000000da980000,0x00000000dae80000)
  to   space 5120K, 0% used [0x00000000dae80000,0x00000000dae80000,0x00000000db380000)
 ParOldGen       total 60928K, used 11012K [0x0000000084200000, 0x0000000087d80000, 0x00000000d6b80000)
  object space 60928K, 18% used [0x0000000084200000,0x0000000084cc1138,0x0000000087d80000)
 Metaspace       used 23138K, capacity 23430K, committed 23680K, reserved 1071104K
  class space    used 2829K, capacity 2894K, committed 2944K, reserved 1048576K
GC Heap History (10 events):
Event: 2.928 GC heap before
{Heap before GC invocations=2 (full 0):
 PSYoungGen      total 36864K, used 36837K [0x00000000d6b80000, 0x00000000d9480000, 0x0000000100000000)
  eden space 31744K, 100% used [0x00000000d6b80000,0x00000000d8a80000,0x00000000d8a80000)
  from space 5120K, 99% used [0x00000000d8a80000,0x00000000d8f79720,0x00000000d8f80000)
  to   space 5120K, 0% used [0x00000000d8f80000,0x00000000d8f80000,0x00000000d9480000)
 ParOldGen       total 84992K, used 936K [0x0000000084200000, 0x0000000089500000, 0x00000000d6b80000)
  object space 84992K, 1% used [0x0000000084200000,0x00000000842ea2d8,0x0000000089500000)
 Metaspace       used 15021K, capacity 15216K, committed 15488K, reserved 1062912K
  class space    used 1836K, capacity 1860K, committed 1920K, reserved 1048576K
Event: 2.944 GC heap after
Heap after GC invocations=2 (full 0):
 PSYoungGen      total 36864K, used 5106K [0x00000000d6b80000, 0x00000000db380000, 0x0000000100000000)
  eden space 31744K, 0% used [0x00000000d6b80000,0x00000000d6b80000,0x00000000d8a80000)
  from space 5120K, 99% used [0x00000000d8f80000,0x00000000d947c900,0x00000000d9480000)
  to   space 5120K, 0% used [0x00000000d8a80000,0x00000000d8a80000,0x00000000d8f80000)
 ParOldGen       total 84992K, used 4830K [0x0000000084200000, 0x0000000089500000, 0x00000000d6b80000)
  object space 84992K, 5% used [0x0000000084200000,0x00000000846b7b30,0x0000000089500000)
 Metaspace       used 15021K, capacity 15216K, committed 15488K, reserved 1062912K
  class space    used 1836K, capacity 1860K, committed 1920K, reserved 1048576K
}
Event: 4.364 GC heap before
{Heap before GC invocations=3 (full 0):
 PSYoungGen      total 36864K, used 36850K [0x00000000d6b80000, 0x00000000db380000, 0x0000000100000000)
  eden space 31744K, 100% used [0x00000000d6b80000,0x00000000d8a80000,0x00000000d8a80000)
  from space 5120K, 99% used [0x00000000d8f80000,0x00000000d947c900,0x00000000d9480000)
  to   space 5120K, 0% used [0x00000000d8a80000,0x00000000d8a80000,0x00000000d8f80000)
 ParOldGen       total 84992K, used 4830K [0x0000000084200000, 0x0000000089500000, 0x00000000d6b80000)
  object space 84992K, 5% used [0x0000000084200000,0x00000000846b7b30,0x0000000089500000)
 Metaspace       used 18354K, capacity 18594K, committed 18688K, reserved 1064960K
  class space    used 2204K, capacity 2276K, committed 2304K, reserved 1048576K
Event: 4.391 GC heap after
Heap after GC invocations=3 (full 0):
 PSYoungGen      total 36864K, used 5091K [0x00000000d6b80000, 0x00000000db380000, 0x0000000100000000)
  eden space 31744K, 0% used [0x00000000d6b80000,0x00000000d6b80000,0x00000000d8a80000)
  from space 5120K, 99% used [0x00000000d8a80000,0x00000000d8f78c40,0x00000000d8f80000)
  to   space 5120K, 0% used [0x00000000dae80000,0x00000000dae80000,0x00000000db380000)
 ParOldGen       total 84992K, used 8537K [0x0000000084200000, 0x0000000089500000, 0x00000000d6b80000)
  object space 84992K, 10% used [0x0000000084200000,0x0000000084a56418,0x0000000089500000)
 Metaspace       used 18354K, capacity 18594K, committed 18688K, reserved 1064960K
  class space    used 2204K, capacity 2276K, committed 2304K, reserved 1048576K
}
Event: 5.481 GC heap before
{Heap before GC invocations=4 (full 0):
 PSYoungGen      total 36864K, used 36835K [0x00000000d6b80000, 0x00000000db380000, 0x0000000100000000)
  eden space 31744K, 100% used [0x00000000d6b80000,0x00000000d8a80000,0x00000000d8a80000)
  from space 5120K, 99% used [0x00000000d8a80000,0x00000000d8f78c40,0x00000000d8f80000)
  to   space 5120K, 0% used [0x00000000dae80000,0x00000000dae80000,0x00000000db380000)
 ParOldGen       total 84992K, used 8537K [0x0000000084200000, 0x0000000089500000, 0x00000000d6b80000)
  object space 84992K, 10% used [0x0000000084200000,0x0000000084a56418,0x0000000089500000)
 Metaspace       used 19572K, capacity 19874K, committed 20224K, reserved 1067008K
  class space    used 2358K, capacity 2440K, committed 2560K, reserved 1048576K
Event: 5.503 GC heap after
Heap after GC invocations=4 (full 0):
 PSYoungGen      total 68608K, used 5112K [0x00000000d6b80000, 0x00000000db380000, 0x0000000100000000)
  eden space 63488K, 0% used [0x00000000d6b80000,0x00000000d6b80000,0x00000000da980000)
  from space 5120K, 99% used [0x00000000dae80000,0x00000000db37e030,0x00000000db380000)
  to   space 5120K, 0% used [0x00000000da980000,0x00000000da980000,0x00000000dae80000)
 ParOldGen       total 84992K, used 9989K [0x0000000084200000, 0x0000000089500000, 0x00000000d6b80000)
  object space 84992K, 11% used [0x0000000084200000,0x0000000084bc14b8,0x0000000089500000)
 Metaspace       used 19572K, capacity 19874K, committed 20224K, reserved 1067008K
  class space    used 2358K, capacity 2440K, committed 2560K, reserved 1048576K
}
Event: 6.111 GC heap before
{Heap before GC invocations=5 (full 0):
 PSYoungGen      total 68608K, used 25899K [0x00000000d6b80000, 0x00000000db380000, 0x0000000100000000)
  eden space 63488K, 32% used [0x00000000d6b80000,0x00000000d7fccfa8,0x00000000da980000)
  from space 5120K, 99% used [0x00000000dae80000,0x00000000db37e030,0x00000000db380000)
  to   space 5120K, 0% used [0x00000000da980000,0x00000000da980000,0x00000000dae80000)
 ParOldGen       total 84992K, used 9989K [0x0000000084200000, 0x0000000089500000, 0x00000000d6b80000)
  object space 84992K, 11% used [0x0000000084200000,0x0000000084bc14b8,0x0000000089500000)
 Metaspace       used 20870K, capacity 21166K, committed 21296K, reserved 1069056K
  class space    used 2541K, capacity 2634K, committed 2688K, reserved 1048576K
Event: 6.125 GC heap after
Heap after GC invocations=5 (full 0):
 PSYoungGen      total 68608K, used 5106K [0x00000000d6b80000, 0x00000000db380000, 0x0000000100000000)
  eden space 63488K, 0% used [0x00000000d6b80000,0x00000000d6b80000,0x00000000da980000)
  from space 5120K, 99% used [0x00000000da980000,0x00000000dae7c810,0x00000000dae80000)
  to   space 5120K, 0% used [0x00000000dae80000,0x00000000dae80000,0x00000000db380000)
 ParOldGen       total 84992K, used 11992K [0x0000000084200000, 0x0000000089500000, 0x00000000d6b80000)
  object space 84992K, 14% used [0x0000000084200000,0x0000000084db6218,0x0000000089500000)
 Metaspace       used 20870K, capacity 21166K, committed 21296K, reserved 1069056K
  class space    used 2541K, capacity 2634K, committed 2688K, reserved 1048576K
}
Event: 6.125 GC heap before
{Heap before GC invocations=6 (full 1):
 PSYoungGen      total 68608K, used 5106K [0x00000000d6b80000, 0x00000000db380000, 0x0000000100000000)
  eden space 63488K, 0% used [0x00000000d6b80000,0x00000000d6b80000,0x00000000da980000)
  from space 5120K, 99% used [0x00000000da980000,0x00000000dae7c810,0x00000000dae80000)
  to   space 5120K, 0% used [0x00000000dae80000,0x00000000dae80000,0x00000000db380000)
 ParOldGen       total 84992K, used 11992K [0x0000000084200000, 0x0000000089500000, 0x00000000d6b80000)
  object space 84992K, 14% used [0x0000000084200000,0x0000000084db6218,0x0000000089500000)
 Metaspace       used 20870K, capacity 21166K, committed 21296K, reserved 1069056K
  class space    used 2541K, capacity 2634K, committed 2688K, reserved 1048576K
Event: 6.194 GC heap after
Heap after GC invocations=6 (full 1):
 PSYoungGen      total 68608K, used 0K [0x00000000d6b80000, 0x00000000db380000, 0x0000000100000000)
  eden space 63488K, 0% used [0x00000000d6b80000,0x00000000d6b80000,0x00000000da980000)
  from space 5120K, 0% used [0x00000000da980000,0x00000000da980000,0x00000000dae80000)
  to   space 5120K, 0% used [0x00000000dae80000,0x00000000dae80000,0x00000000db380000)
 ParOldGen       total 60928K, used 11012K [0x0000000084200000, 0x0000000087d80000, 0x00000000d6b80000)
  object space 60928K, 18% used [0x0000000084200000,0x0000000084cc1138,0x0000000087d80000)
 Metaspace       used 20870K, capacity 21166K, committed 21296K, reserved 1069056K
  class space    used 2541K, capacity 2634K, committed 2688K, reserved 1048576K
}

